<?xml version="1.0" encoding="UTF-8"?>
<testng-results ignored="0" total="1" passed="1" failed="0" skipped="0">
  <reporter-output>
  </reporter-output>
  <suite started-at="2022-03-24T20:53:33 IST" name="Default suite" finished-at="2022-03-24T20:53:39 IST" duration-ms="6177">
    <groups>
    </groups>
    <test started-at="2022-03-24T20:53:33 IST" name="Default test" finished-at="2022-03-24T20:53:39 IST" duration-ms="6177">
      <class name="parameterization.Test2">
        <test-method signature="tc2()[pri:0, instance:parameterization.Test2@7c83dc97]" started-at="2022-03-24T20:53:33 IST" name="tc2" finished-at="2022-03-24T20:53:39 IST" duration-ms="6091" status="PASS">
          <reporter-output>
          </reporter-output>
        </test-method> <!-- tc2 -->
      </class> <!-- parameterization.Test2 -->
    </test> <!-- Default test -->
  </suite> <!-- Default suite -->
</testng-results>
